<?xml version="1.0" encoding="UTF-8"?>
<!-- Generated by org.testng.reporters.JUnitReportReporter -->
<testsuite hostname="LAPTOP-CFNFQMU8" failures="0" tests="1" name="com.konexbvc.test.TramiteTest" time="22.957" errors="0" timestamp="18 mar. 2021 03:14:08 GMT" skipped="0">
  <testcase classname="com.konexbvc.test.TramiteTest" name="consultarTramiteCorreo" time="22.957"/>
</testsuite> <!-- com.konexbvc.test.TramiteTest -->
